[2024/10/17 03:57:57.566] - web3_clientVersion
[2024/10/17 03:58:02.995] - web3_clientVersion
[2024/10/17 03:58:12.063] - web3_clientVersion
[2024/10/17 04:08:02.522] - web3_clientVersion
[2024/10/17 04:08:02.550] - web3_clientVersion
[2024/10/17 04:08:19.465] - web3_clientVersion
[2024/10/17 04:08:19.469] - web3_clientVersion
[2024/10/17 04:08:19.472] - web3_clientVersion
[2024/10/17 04:08:36.843] - web3_clientVersion
[2024/10/17 04:08:48.877] - eth_getBlockByNumber
[2024/10/17 04:08:48.891] - eth_getTransactionReceipt
[2024/10/17 04:08:48.896] - eth_getBlockByNumber
[2024/10/17 04:08:48.901] - eth_getTransactionReceipt
[2024/10/17 04:08:48.906] - eth_getBlockByNumber
[2024/10/17 04:08:48.909] - eth_getTransactionReceipt
[2024/10/17 04:08:48.912] - eth_getBlockByNumber
[2024/10/17 04:08:48.914] - eth_getTransactionReceipt
[2024/10/17 04:08:48.918] - eth_getBlockByNumber
[2024/10/17 04:08:48.921] - eth_getBlockByNumber
[2024/10/17 04:08:48.923] - eth_getBlockByNumber
[2024/10/17 04:08:48.926] - eth_getBlockByNumber
[2024/10/17 04:08:48.928] - eth_getBlockByNumber
[2024/10/17 04:08:48.931] - eth_getBlockByNumber
[2024/10/17 04:08:48.933] - eth_getBlockByNumber
[2024/10/17 04:08:48.936] - eth_getTransactionReceipt
[2024/10/17 04:09:03.049] - web3_clientVersion
[2024/10/17 04:15:59.485] - web3_clientVersion
[2024/10/17 04:15:59.491] - web3_clientVersion
[2024/10/17 04:16:08.137] - web3_clientVersion
[2024/10/17 04:16:08.141] - web3_clientVersion
[2024/10/17 04:16:08.145] - web3_clientVersion
[2024/10/17 04:16:20.172] - eth_blockNumber
[2024/10/17 04:16:26.767] - eth_blockNumber
[2024/10/17 04:16:26.768] - eth_getBalance
[2024/10/17 04:16:26.769] - eth_getBalance
[2024/10/17 04:16:26.769] - eth_getBalance
[2024/10/17 04:16:26.770] - eth_getBalance
[2024/10/17 04:16:26.858] - eth_blockNumber
[2024/10/17 04:16:27.092] - eth_gasPrice
[2024/10/17 04:16:38.104] - web3_clientVersion
[2024/10/17 04:16:38.108] - web3_clientVersion
[2024/10/17 04:16:38.111] - web3_clientVersion
[2024/10/17 04:16:39.983] - eth_blockNumber
[2024/10/17 04:17:00.003] - eth_blockNumber
[2024/10/17 04:17:03.328] - web3_clientVersion
[2024/10/17 04:17:03.332] - web3_clientVersion
[2024/10/17 04:17:03.336] - web3_clientVersion
[2024/10/17 04:17:20.007] - eth_blockNumber
[2024/10/17 04:17:40.014] - eth_blockNumber
[2024/10/17 04:18:00.018] - eth_blockNumber
[2024/10/17 04:18:01.584] - web3_clientVersion
[2024/10/17 04:18:01.590] - web3_clientVersion
[2024/10/17 04:18:12.051] - web3_clientVersion
[2024/10/17 04:18:12.055] - web3_clientVersion
[2024/10/17 04:18:12.058] - web3_clientVersion
[2024/10/17 04:18:20.024] - eth_blockNumber
[2024/10/17 04:18:40.031] - eth_blockNumber
[2024/10/17 04:18:45.651] - web3_clientVersion
[2024/10/17 04:19:00.038] - eth_blockNumber
[2024/10/17 04:19:20.049] - eth_blockNumber
[2024/10/17 04:19:40.068] - eth_blockNumber
[2024/10/17 04:20:00.077] - eth_blockNumber
[2024/10/17 04:20:20.082] - eth_blockNumber
[2024/10/17 04:20:40.087] - eth_blockNumber
[2024/10/17 04:21:00.093] - eth_blockNumber
[2024/10/17 04:21:20.105] - eth_blockNumber
[2024/10/17 04:21:40.111] - eth_blockNumber
[2024/10/17 04:22:00.116] - eth_blockNumber
[2024/10/17 04:22:20.121] - eth_blockNumber
[2024/10/17 04:22:40.136] - eth_blockNumber
[2024/10/17 04:22:49.386] - web3_clientVersion
[2024/10/17 04:22:49.392] - web3_clientVersion
[2024/10/17 04:23:00.248] - eth_blockNumber
[2024/10/17 04:23:20.254] - eth_blockNumber
[2024/10/17 04:23:40.260] - eth_blockNumber
[2024/10/17 04:24:00.274] - eth_blockNumber
[2024/10/17 04:24:20.283] - eth_blockNumber
[2024/10/17 04:24:40.289] - eth_blockNumber
[2024/10/17 04:25:00.297] - eth_blockNumber
[2024/10/17 04:25:20.312] - eth_blockNumber
[2024/10/17 04:25:40.322] - eth_blockNumber
[2024/10/17 04:26:00.333] - eth_blockNumber
[2024/10/17 04:26:20.340] - eth_blockNumber
[2024/10/17 04:26:40.351] - eth_blockNumber
[2024/10/17 04:27:00.358] - eth_blockNumber
[2024/10/17 04:27:08.596] - web3_clientVersion
[2024/10/17 04:27:18.119] - web3_clientVersion
[2024/10/17 04:27:18.123] - web3_clientVersion
[2024/10/17 04:27:20.371] - eth_blockNumber
[2024/10/17 04:27:40.391] - eth_blockNumber
[2024/10/17 04:27:56.986] - web3_clientVersion
[2024/10/17 04:28:00.396] - eth_blockNumber
[2024/10/17 04:28:20.402] - eth_blockNumber
[2024/10/17 04:28:40.406] - eth_blockNumber
[2024/10/17 04:29:00.411] - eth_blockNumber
[2024/10/17 04:29:20.422] - eth_blockNumber
[2024/10/17 04:29:40.430] - eth_blockNumber
[2024/10/17 04:30:00.438] - eth_blockNumber
[2024/10/17 04:30:20.447] - eth_blockNumber
[2024/10/17 04:30:40.453] - eth_blockNumber
[2024/10/17 04:31:00.461] - eth_blockNumber
[2024/10/17 04:31:20.479] - eth_blockNumber
[2024/10/17 04:31:40.486] - eth_blockNumber
[2024/10/17 04:32:00.502] - eth_blockNumber
[2024/10/17 04:32:20.506] - eth_blockNumber
[2024/10/17 04:32:40.515] - eth_blockNumber
[2024/10/17 04:32:53.484] - web3_clientVersion
[2024/10/17 04:32:53.492] - web3_clientVersion
[2024/10/17 04:33:00.535] - eth_blockNumber
[2024/10/17 04:33:01.869] - web3_clientVersion
[2024/10/17 04:33:01.874] - eth_accounts
[2024/10/17 04:33:01.877] - eth_getTransactionCount
[2024/10/17 04:33:01.879] - eth_chainId
[2024/10/17 04:33:20.538] - eth_blockNumber
[2024/10/17 04:33:24.852] - web3_clientVersion
[2024/10/17 04:33:24.859] - eth_accounts
[2024/10/17 04:33:24.861] - eth_getTransactionCount
[2024/10/17 04:33:24.864] - eth_chainId
[2024/10/17 04:33:40.543] - eth_blockNumber
[2024/10/17 04:34:00.555] - eth_blockNumber
[2024/10/17 04:34:20.570] - eth_blockNumber
[2024/10/17 04:34:40.585] - eth_blockNumber
[2024/10/17 04:35:00.591] - eth_blockNumber
[2024/10/17 04:35:20.595] - eth_blockNumber
[2024/10/17 04:35:40.610] - eth_blockNumber
[2024/10/17 04:36:00.619] - eth_blockNumber
[2024/10/17 04:36:20.624] - eth_blockNumber
[2024/10/17 04:36:40.628] - eth_blockNumber
[2024/10/17 04:37:00.635] - eth_blockNumber
[2024/10/17 04:37:20.649] - eth_blockNumber
[2024/10/17 04:37:40.663] - eth_blockNumber
[2024/10/17 04:38:00.673] - eth_blockNumber
[2024/10/17 04:38:20.684] - eth_blockNumber
[2024/10/17 04:38:40.701] - eth_blockNumber
[2024/10/17 04:39:00.706] - eth_blockNumber
[2024/10/17 04:39:20.712] - eth_blockNumber
[2024/10/17 04:39:40.725] - eth_blockNumber
[2024/10/17 04:40:00.736] - eth_blockNumber
[2024/10/17 04:40:20.745] - eth_blockNumber
[2024/10/17 04:40:40.758] - eth_blockNumber
[2024/10/17 04:41:00.765] - eth_blockNumber
[2024/10/17 04:41:20.774] - eth_blockNumber
[2024/10/17 04:41:40.780] - eth_blockNumber
[2024/10/17 04:41:52.794] - web3_clientVersion
[2024/10/17 04:41:52.802] - web3_clientVersion
[2024/10/17 04:42:00.534] - web3_clientVersion
[2024/10/17 04:42:00.539] - eth_accounts
[2024/10/17 04:42:00.542] - eth_getTransactionCount
[2024/10/17 04:42:00.544] - eth_chainId
[2024/10/17 04:42:00.549] - web3_clientVersion
[2024/10/17 04:42:00.555] - web3_clientVersion
[2024/10/17 04:42:00.787] - eth_blockNumber
[2024/10/17 04:42:20.801] - eth_blockNumber
[2024/10/17 04:42:26.708] - web3_clientVersion
[2024/10/17 04:42:26.714] - eth_accounts
[2024/10/17 04:42:26.715] - eth_getTransactionCount
[2024/10/17 04:42:26.717] - eth_chainId
[2024/10/17 04:42:26.730] - web3_clientVersion
[2024/10/17 04:42:26.736] - web3_clientVersion
[2024/10/17 04:42:40.812] - eth_blockNumber
[2024/10/17 04:42:42.519] - eth_getTransactionByHash
[2024/10/17 04:42:50.479] - web3_clientVersion
[2024/10/17 04:43:00.817] - eth_blockNumber
[2024/10/17 04:43:20.823] - eth_blockNumber
[2024/10/17 04:43:40.827] - eth_blockNumber
[2024/10/17 04:44:00.835] - eth_blockNumber
[2024/10/17 04:44:20.852] - eth_blockNumber
[2024/10/17 04:44:40.863] - eth_blockNumber
[2024/10/17 04:45:00.872] - eth_blockNumber
[2024/10/17 04:45:20.876] - eth_blockNumber
[2024/10/17 04:45:40.885] - eth_blockNumber
[2024/10/17 04:46:00.895] - eth_blockNumber
[2024/10/17 04:46:20.899] - eth_blockNumber
[2024/10/17 04:46:40.904] - eth_blockNumber
[2024/10/17 04:47:00.915] - eth_blockNumber
[2024/10/17 04:47:20.921] - eth_blockNumber
[2024/10/17 04:47:40.928] - eth_blockNumber
[2024/10/17 04:48:00.934] - eth_blockNumber
[2024/10/17 04:48:20.940] - eth_blockNumber
[2024/10/17 04:48:40.951] - eth_blockNumber
[2024/10/17 04:49:00.956] - eth_blockNumber
[2024/10/17 04:49:20.962] - eth_blockNumber
[2024/10/17 04:49:40.967] - eth_blockNumber
[2024/10/17 04:50:00.985] - eth_blockNumber
[2024/10/17 04:50:20.990] - eth_blockNumber
[2024/10/17 04:50:41.000] - eth_blockNumber
[2024/10/17 04:51:01.015] - eth_blockNumber
[2024/10/17 04:51:21.023] - eth_blockNumber
[2024/10/17 04:51:41.038] - eth_blockNumber
[2024/10/17 04:52:01.043] - eth_blockNumber
[2024/10/17 04:52:21.047] - eth_blockNumber
[2024/10/17 04:52:41.053] - eth_blockNumber
[2024/10/17 04:53:01.069] - eth_blockNumber
[2024/10/17 04:53:21.076] - eth_blockNumber
[2024/10/17 04:53:41.087] - eth_blockNumber
[2024/10/17 04:54:01.104] - eth_blockNumber
[2024/10/17 04:54:01.676] - web3_clientVersion
[2024/10/17 04:54:19.112] - web3_clientVersion
[2024/10/17 04:54:19.120] - eth_accounts
[2024/10/17 04:54:19.122] - eth_getTransactionCount
[2024/10/17 04:54:19.124] - eth_chainId
[2024/10/17 04:54:21.117] - eth_blockNumber
[2024/10/17 04:54:26.179] - web3_clientVersion
[2024/10/17 04:54:37.001] - web3_clientVersion
[2024/10/17 04:54:37.006] - eth_accounts
[2024/10/17 04:54:37.008] - eth_getTransactionCount
[2024/10/17 04:54:37.010] - eth_chainId
[2024/10/17 04:54:41.136] - eth_blockNumber
[2024/10/17 04:55:00.294] - web3_clientVersion
[2024/10/17 04:55:01.146] - eth_blockNumber
[2024/10/17 04:55:21.160] - eth_blockNumber
[2024/10/17 04:55:41.168] - eth_blockNumber
[2024/10/17 04:56:01.175] - eth_blockNumber
[2024/10/17 04:56:21.188] - eth_blockNumber
[2024/10/17 04:56:41.202] - eth_blockNumber
[2024/10/17 04:57:01.215] - eth_blockNumber
[2024/10/17 04:57:21.229] - eth_blockNumber
[2024/10/17 04:57:41.240] - eth_blockNumber
[2024/10/17 04:58:01.243] - eth_blockNumber
[2024/10/17 04:58:21.250] - eth_blockNumber
[2024/10/17 04:58:41.254] - eth_blockNumber
[2024/10/17 04:59:01.258] - eth_blockNumber
[2024/10/17 04:59:21.275] - eth_blockNumber
[2024/10/17 04:59:41.284] - eth_blockNumber
[2024/10/17 05:00:01.290] - eth_blockNumber
[2024/10/17 05:00:21.307] - eth_blockNumber
[2024/10/17 05:00:41.319] - eth_blockNumber
[2024/10/17 05:01:01.322] - eth_blockNumber
[2024/10/17 05:01:21.328] - eth_blockNumber
[2024/10/17 05:01:41.334] - eth_blockNumber
[2024/10/17 05:02:01.344] - eth_blockNumber
[2024/10/17 05:02:21.349] - eth_blockNumber
[2024/10/17 05:02:41.357] - eth_blockNumber
[2024/10/17 05:03:01.366] - eth_blockNumber
[2024/10/17 05:03:21.374] - eth_blockNumber
[2024/10/17 05:03:41.377] - eth_blockNumber
[2024/10/17 05:04:01.390] - eth_blockNumber
[2024/10/17 05:04:21.397] - eth_blockNumber
[2024/10/17 05:04:41.409] - eth_blockNumber
[2024/10/17 05:05:01.413] - eth_blockNumber
[2024/10/17 05:05:21.419] - eth_blockNumber
[2024/10/17 05:05:41.424] - eth_blockNumber
[2024/10/17 05:06:01.435] - eth_blockNumber
[2024/10/17 05:06:21.439] - eth_blockNumber
[2024/10/17 05:06:41.443] - eth_blockNumber
[2024/10/17 05:06:54.119] - web3_clientVersion
[2024/10/17 05:07:01.460] - eth_blockNumber
[2024/10/17 05:07:21.474] - eth_blockNumber
[2024/10/17 05:07:41.481] - eth_blockNumber
[2024/10/17 05:08:01.411] - web3_clientVersion
[2024/10/17 05:08:01.420] - web3_clientVersion
[2024/10/17 05:08:01.425] - web3_clientVersion
[2024/10/17 05:08:01.431] - eth_chainId
[2024/10/17 05:08:01.433] - eth_call
[2024/10/17 05:08:01.437] - eth_getCode
[2024/10/17 05:08:01.489] - eth_blockNumber
[2024/10/17 05:08:08.144] - web3_clientVersion
[2024/10/17 05:08:08.159] - web3_clientVersion
[2024/10/17 05:08:08.165] - web3_clientVersion
[2024/10/17 05:08:08.171] - web3_clientVersion
[2024/10/17 05:08:08.176] - eth_chainId
[2024/10/17 05:08:08.177] - eth_call
[2024/10/17 05:08:08.181] - eth_getCode
[2024/10/17 05:08:15.054] - web3_clientVersion
[2024/10/17 05:08:15.060] - web3_clientVersion
[2024/10/17 05:08:15.065] - web3_clientVersion
[2024/10/17 05:08:15.070] - eth_chainId
[2024/10/17 05:08:15.072] - eth_call
[2024/10/17 05:08:15.075] - eth_getCode
[2024/10/17 05:08:18.231] - web3_clientVersion
[2024/10/17 05:08:18.248] - web3_clientVersion
[2024/10/17 05:08:18.280] - web3_clientVersion
[2024/10/17 05:08:18.286] - web3_clientVersion
[2024/10/17 05:08:18.291] - eth_chainId
[2024/10/17 05:08:18.293] - eth_call
[2024/10/17 05:08:18.296] - eth_getCode
[2024/10/17 05:08:19.131] - web3_clientVersion
[2024/10/17 05:08:19.148] - web3_clientVersion
[2024/10/17 05:08:19.154] - web3_clientVersion
[2024/10/17 05:08:19.161] - web3_clientVersion
[2024/10/17 05:08:19.165] - eth_chainId
[2024/10/17 05:08:19.166] - eth_call
[2024/10/17 05:08:19.170] - eth_getCode
[2024/10/17 05:08:19.351] - web3_clientVersion
[2024/10/17 05:08:19.370] - web3_clientVersion
[2024/10/17 05:08:19.375] - web3_clientVersion
[2024/10/17 05:08:19.380] - web3_clientVersion
[2024/10/17 05:08:19.385] - eth_chainId
[2024/10/17 05:08:19.387] - eth_call
[2024/10/17 05:08:19.390] - eth_getCode
[2024/10/17 05:08:19.876] - web3_clientVersion
[2024/10/17 05:08:19.892] - web3_clientVersion
[2024/10/17 05:08:19.898] - web3_clientVersion
[2024/10/17 05:08:19.903] - web3_clientVersion
[2024/10/17 05:08:19.907] - eth_chainId
[2024/10/17 05:08:19.909] - eth_call
[2024/10/17 05:08:19.912] - eth_getCode
[2024/10/17 05:08:20.377] - web3_clientVersion
[2024/10/17 05:08:20.393] - web3_clientVersion
[2024/10/17 05:08:20.397] - web3_clientVersion
[2024/10/17 05:08:20.402] - web3_clientVersion
[2024/10/17 05:08:20.407] - eth_chainId
[2024/10/17 05:08:20.408] - eth_call
[2024/10/17 05:08:20.411] - eth_getCode
[2024/10/17 05:08:21.495] - eth_blockNumber
[2024/10/17 05:08:24.570] - web3_clientVersion
[2024/10/17 05:08:24.587] - web3_clientVersion
[2024/10/17 05:08:24.592] - web3_clientVersion
[2024/10/17 05:08:24.597] - web3_clientVersion
[2024/10/17 05:08:24.602] - eth_chainId
[2024/10/17 05:08:24.604] - eth_call
[2024/10/17 05:08:24.607] - eth_getCode
[2024/10/17 05:08:33.670] - web3_clientVersion
[2024/10/17 05:08:33.675] - eth_accounts
[2024/10/17 05:08:33.677] - eth_getTransactionCount
[2024/10/17 05:08:33.679] - eth_chainId
[2024/10/17 05:08:33.698] - web3_clientVersion
[2024/10/17 05:08:33.705] - web3_clientVersion
[2024/10/17 05:08:33.709] - web3_clientVersion
[2024/10/17 05:08:33.714] - eth_chainId
[2024/10/17 05:08:33.716] - eth_call
[2024/10/17 05:08:33.719] - eth_getCode
[2024/10/17 05:08:41.510] - eth_blockNumber
[2024/10/17 05:08:54.555] - web3_clientVersion
[2024/10/17 05:08:54.560] - web3_clientVersion
[2024/10/17 05:08:54.565] - web3_clientVersion
[2024/10/17 05:08:54.570] - eth_chainId
[2024/10/17 05:08:54.571] - eth_call
[2024/10/17 05:08:54.576] - eth_getCode
[2024/10/17 05:09:01.515] - eth_blockNumber
[2024/10/17 05:09:09.243] - web3_clientVersion
[2024/10/17 05:09:09.263] - web3_clientVersion
[2024/10/17 05:09:09.270] - web3_clientVersion
[2024/10/17 05:09:09.275] - web3_clientVersion
[2024/10/17 05:09:09.279] - eth_chainId
[2024/10/17 05:09:09.281] - eth_call
[2024/10/17 05:09:09.284] - eth_getCode
[2024/10/17 05:09:17.146] - web3_clientVersion
[2024/10/17 05:09:17.152] - web3_clientVersion
[2024/10/17 05:09:17.158] - web3_clientVersion
[2024/10/17 05:09:17.163] - eth_chainId
[2024/10/17 05:09:17.165] - eth_call
[2024/10/17 05:09:17.169] - eth_getCode
[2024/10/17 05:09:19.009] - web3_clientVersion
[2024/10/17 05:09:19.024] - web3_clientVersion
[2024/10/17 05:09:19.030] - web3_clientVersion
[2024/10/17 05:09:19.034] - web3_clientVersion
[2024/10/17 05:09:19.039] - eth_chainId
[2024/10/17 05:09:19.041] - eth_call
[2024/10/17 05:09:19.044] - eth_getCode
[2024/10/17 05:09:21.521] - eth_blockNumber
[2024/10/17 05:09:41.531] - eth_blockNumber
[2024/10/17 05:10:01.547] - eth_blockNumber
[2024/10/17 05:10:21.554] - eth_blockNumber
[2024/10/17 05:10:41.558] - eth_blockNumber
[2024/10/17 05:11:01.575] - eth_blockNumber
[2024/10/17 05:11:21.582] - eth_blockNumber
[2024/10/17 05:11:41.596] - eth_blockNumber
[2024/10/17 05:12:01.608] - eth_blockNumber
[2024/10/17 05:12:21.616] - eth_blockNumber
[2024/10/17 05:12:41.633] - eth_blockNumber
[2024/10/17 05:13:01.648] - eth_blockNumber
[2024/10/17 05:13:21.656] - eth_blockNumber
[2024/10/17 05:13:41.701] - eth_blockNumber
[2024/10/17 05:14:01.712] - eth_blockNumber
[2024/10/17 05:14:21.728] - eth_blockNumber
[2024/10/17 05:14:41.732] - eth_blockNumber
[2024/10/17 05:15:01.748] - eth_blockNumber
[2024/10/17 05:15:21.756] - eth_blockNumber
[2024/10/17 05:15:41.775] - eth_blockNumber
[2024/10/17 05:16:01.780] - eth_blockNumber
[2024/10/17 05:16:21.784] - eth_blockNumber
[2024/10/17 05:16:41.795] - eth_blockNumber
[2024/10/17 05:17:01.800] - eth_blockNumber
[2024/10/17 05:17:20.488] - web3_clientVersion
[2024/10/17 05:17:20.498] - web3_clientVersion
[2024/10/17 05:17:20.506] - web3_clientVersion
[2024/10/17 05:17:20.513] - eth_chainId
[2024/10/17 05:17:20.515] - eth_call
[2024/10/17 05:17:20.519] - eth_getCode
[2024/10/17 05:17:21.806] - eth_blockNumber
[2024/10/17 05:17:32.213] - web3_clientVersion
[2024/10/17 05:17:32.234] - web3_clientVersion
[2024/10/17 05:17:32.239] - web3_clientVersion
[2024/10/17 05:17:32.244] - web3_clientVersion
[2024/10/17 05:17:32.249] - eth_chainId
[2024/10/17 05:17:32.251] - eth_call
[2024/10/17 05:17:32.255] - eth_getCode
[2024/10/17 05:17:41.815] - eth_blockNumber
[2024/10/17 05:17:52.406] - web3_clientVersion
[2024/10/17 05:17:52.411] - eth_accounts
[2024/10/17 05:17:52.413] - eth_getTransactionCount
[2024/10/17 05:17:52.415] - eth_chainId
[2024/10/17 05:17:52.436] - web3_clientVersion
[2024/10/17 05:17:52.441] - web3_clientVersion
[2024/10/17 05:17:52.446] - web3_clientVersion
[2024/10/17 05:17:52.475] - eth_chainId
[2024/10/17 05:17:52.477] - eth_call
[2024/10/17 05:17:52.480] - eth_getCode
[2024/10/17 05:18:01.822] - eth_blockNumber
[2024/10/17 05:18:11.716] - web3_clientVersion
[2024/10/17 05:18:11.722] - web3_clientVersion
[2024/10/17 05:18:11.728] - web3_clientVersion
[2024/10/17 05:18:11.735] - eth_chainId
[2024/10/17 05:18:11.736] - eth_call
[2024/10/17 05:18:11.739] - eth_getCode
[2024/10/17 05:18:21.827] - eth_blockNumber
[2024/10/17 05:18:37.756] - web3_clientVersion
[2024/10/17 05:18:37.763] - web3_clientVersion
[2024/10/17 05:18:37.768] - web3_clientVersion
[2024/10/17 05:18:37.773] - eth_chainId
[2024/10/17 05:18:37.775] - eth_call
[2024/10/17 05:18:37.778] - eth_getCode
[2024/10/17 05:18:41.846] - eth_blockNumber
[2024/10/17 05:19:01.862] - eth_blockNumber
[2024/10/17 05:19:04.562] - web3_clientVersion
[2024/10/17 05:19:04.567] - eth_accounts
[2024/10/17 05:19:04.569] - eth_getTransactionCount
[2024/10/17 05:19:04.571] - eth_chainId
[2024/10/17 05:19:04.577] - web3_clientVersion
[2024/10/17 05:19:04.583] - web3_clientVersion
[2024/10/17 05:19:04.592] - web3_clientVersion
[2024/10/17 05:19:04.599] - eth_chainId
[2024/10/17 05:19:04.600] - eth_call
[2024/10/17 05:19:04.604] - eth_getCode
[2024/10/17 05:19:21.869] - eth_blockNumber
[2024/10/17 05:19:41.881] - eth_blockNumber
[2024/10/17 05:20:01.892] - eth_blockNumber
[2024/10/17 05:20:21.910] - eth_blockNumber
[2024/10/17 05:20:41.915] - eth_blockNumber
[2024/10/17 05:21:01.922] - eth_blockNumber
[2024/10/17 05:21:21.929] - eth_blockNumber
[2024/10/17 05:21:41.943] - eth_blockNumber
[2024/10/17 05:21:45.235] - web3_clientVersion
[2024/10/17 05:21:45.243] - web3_clientVersion
[2024/10/17 05:21:45.248] - web3_clientVersion
[2024/10/17 05:21:45.253] - eth_chainId
[2024/10/17 05:21:45.255] - eth_call
[2024/10/17 05:21:45.258] - eth_getCode
[2024/10/17 05:21:47.153] - web3_clientVersion
[2024/10/17 05:21:47.169] - web3_clientVersion
[2024/10/17 05:21:47.174] - web3_clientVersion
[2024/10/17 05:21:47.181] - web3_clientVersion
[2024/10/17 05:21:47.186] - eth_chainId
[2024/10/17 05:21:47.187] - eth_call
[2024/10/17 05:21:47.190] - eth_getCode
[2024/10/17 05:22:00.058] - web3_clientVersion
[2024/10/17 05:22:00.063] - eth_accounts
[2024/10/17 05:22:00.065] - eth_getTransactionCount
[2024/10/17 05:22:00.067] - eth_chainId
[2024/10/17 05:22:00.072] - web3_clientVersion
[2024/10/17 05:22:00.078] - web3_clientVersion
[2024/10/17 05:22:00.085] - web3_clientVersion
[2024/10/17 05:22:00.113] - eth_chainId
[2024/10/17 05:22:00.115] - eth_call
[2024/10/17 05:22:00.118] - eth_getCode
[2024/10/17 05:22:01.950] - eth_blockNumber
[2024/10/17 05:22:10.741] - web3_clientVersion
[2024/10/17 05:22:10.747] - web3_clientVersion
[2024/10/17 05:22:10.752] - web3_clientVersion
[2024/10/17 05:22:10.757] - web3_clientVersion
[2024/10/17 05:22:10.762] - eth_chainId
[2024/10/17 05:22:10.764] - eth_call
[2024/10/17 05:22:10.767] - eth_getCode
[2024/10/17 05:22:21.956] - eth_blockNumber
[2024/10/17 05:22:41.960] - eth_blockNumber
[2024/10/17 05:23:01.963] - eth_blockNumber
[2024/10/17 05:23:21.973] - eth_blockNumber
[2024/10/17 05:23:41.977] - eth_blockNumber
[2024/10/17 05:24:01.985] - eth_blockNumber
[2024/10/17 05:24:21.999] - eth_blockNumber
[2024/10/17 05:24:42.005] - eth_blockNumber
[2024/10/17 05:25:02.023] - eth_blockNumber
[2024/10/17 05:25:22.028] - eth_blockNumber
[2024/10/17 05:25:42.044] - eth_blockNumber
